<?xml version="1.0" encoding="UTF-8"?>
<testng-results skipped="0" failed="0" total="1" passed="1">
  <reporter-output>
  </reporter-output>
  <suite name="Default suite" duration-ms="2450" started-at="2019-01-08T01:14:46Z" finished-at="2019-01-08T01:14:49Z">
    <groups>
    </groups>
    <test name="Default test" duration-ms="2450" started-at="2019-01-08T01:14:46Z" finished-at="2019-01-08T01:14:49Z">
      <class name="com.sundaniu.Testcases.SeleniumLoginTest">
        <test-method status="PASS" signature="beforeSuite()[pri:0, instance:com.sundaniu.Testcases.SeleniumLoginTest@6f7fd0e6]" name="beforeSuite" is-config="true" duration-ms="4166" started-at="2019-01-08T09:14:42Z" finished-at="2019-01-08T09:14:46Z">
          <reporter-output>
          </reporter-output>
        </test-method> <!-- beforeSuite -->
        <test-method status="PASS" signature="beforeTest()[pri:0, instance:com.sundaniu.Testcases.SeleniumLoginTest@6f7fd0e6]" name="beforeTest" is-config="true" duration-ms="1" started-at="2019-01-08T09:14:46Z" finished-at="2019-01-08T09:14:46Z">
          <reporter-output>
          </reporter-output>
        </test-method> <!-- beforeTest -->
        <test-method status="PASS" signature="beforeClass()[pri:0, instance:com.sundaniu.Testcases.SeleniumLoginTest@6f7fd0e6]" name="beforeClass" is-config="true" duration-ms="0" started-at="2019-01-08T09:14:46Z" finished-at="2019-01-08T09:14:46Z">
          <reporter-output>
          </reporter-output>
        </test-method> <!-- beforeClass -->
        <test-method status="PASS" signature="testLogin()[pri:0, instance:com.sundaniu.Testcases.SeleniumLoginTest@6f7fd0e6]" name="testLogin" duration-ms="2433" started-at="2019-01-08T09:14:46Z" finished-at="2019-01-08T09:14:49Z">
          <reporter-output>
          </reporter-output>
        </test-method> <!-- testLogin -->
        <test-method status="PASS" signature="beforeMethod()[pri:0, instance:com.sundaniu.Testcases.SeleniumLoginTest@6f7fd0e6]" name="beforeMethod" is-config="true" duration-ms="0" started-at="2019-01-08T09:14:46Z" finished-at="2019-01-08T09:14:46Z">
          <reporter-output>
          </reporter-output>
        </test-method> <!-- beforeMethod -->
        <test-method status="PASS" signature="afterMethod()[pri:0, instance:com.sundaniu.Testcases.SeleniumLoginTest@6f7fd0e6]" name="afterMethod" is-config="true" duration-ms="0" started-at="2019-01-08T09:14:49Z" finished-at="2019-01-08T09:14:49Z">
          <reporter-output>
          </reporter-output>
        </test-method> <!-- afterMethod -->
        <test-method status="PASS" signature="afterClass()[pri:0, instance:com.sundaniu.Testcases.SeleniumLoginTest@6f7fd0e6]" name="afterClass" is-config="true" duration-ms="0" started-at="2019-01-08T09:14:49Z" finished-at="2019-01-08T09:14:49Z">
          <reporter-output>
          </reporter-output>
        </test-method> <!-- afterClass -->
        <test-method status="PASS" signature="afterTest()[pri:0, instance:com.sundaniu.Testcases.SeleniumLoginTest@6f7fd0e6]" name="afterTest" is-config="true" duration-ms="0" started-at="2019-01-08T09:14:49Z" finished-at="2019-01-08T09:14:49Z">
          <reporter-output>
          </reporter-output>
        </test-method> <!-- afterTest -->
        <test-method status="PASS" signature="afterSuite()[pri:0, instance:com.sundaniu.Testcases.SeleniumLoginTest@6f7fd0e6]" name="afterSuite" is-config="true" duration-ms="56" started-at="2019-01-08T09:14:49Z" finished-at="2019-01-08T09:14:49Z">
          <reporter-output>
          </reporter-output>
        </test-method> <!-- afterSuite -->
      </class> <!-- com.sundaniu.Testcases.SeleniumLoginTest -->
    </test> <!-- Default test -->
  </suite> <!-- Default suite -->
</testng-results>
